14:42:55.625 [debug] Child {LoggerFileBackend, :general_log} of Supervisor Logger.Backends.Supervisor started
Pid: #PID<0.113.0>
Start Call: Logger.Backends.Watcher.start_link({{LoggerFileBackend, :general_log}, {LoggerFileBackend, :general_log}})
Restart: :transient
Shutdown: 5000
Type: :worker
14:42:55.625 [info] Child Logger.Backends.Supervisor of Supervisor Logger.Backends.Internal started
Pid: #PID<0.112.0>
Start Call: Logger.Backends.Supervisor.start_link([{LoggerFileBackend, :general_log}])
Restart: :permanent
Shutdown: :infinity
Type: :supervisor
14:42:55.625 [info] Child Logger.Backends.Internal of Supervisor Logger.Supervisor started
Pid: #PID<0.108.0>
Start Call: Logger.Backends.Internal.start_link([])
Restart: :permanent
Shutdown: :infinity
Type: :supervisor
14:42:55.625 [info] Application logger started at :nonode@nohost
14:42:56.143 [info] Child :ttb_autostart of Supervisor :runtime_tools_sup started
Pid: #PID<0.1542.0>
Start Call: :ttb_autostart.start_link()
Restart: :temporary
Shutdown: 3000
Type: :worker
14:42:56.143 [info] Application runtime_tools started at :nonode@nohost
14:42:56.144 [info] Application erts started at :nonode@nohost
14:42:56.144 [info] Application lx_lexical_shared started at :nonode@nohost
14:42:56.144 [info] Application lx_lexical_test started at :nonode@nohost
14:42:56.145 [info] Child LXSnowflake.Generator of Supervisor #PID<0.1545.0> (Supervisor.Default) started
Pid: #PID<0.1546.0>
Start Call: LXSnowflake.Generator.start_link(1704070800000, 1)
Restart: :permanent
Shutdown: 5000
Type: :worker
14:42:56.145 [info] Application lx_snowflake started at :nonode@nohost
14:42:56.145 [info] Application lx_sourceror started at :nonode@nohost
14:42:56.145 [info] Application lx_common started at :nonode@nohost
14:42:56.145 [info] Application lx_elixir_sense started at :nonode@nohost
14:42:56.145 [info] Application jason started at :nonode@nohost
14:42:56.145 [info] Application logger_file_backend started at :nonode@nohost
14:42:56.145 [info] Application lx_path_glob started at :nonode@nohost
14:42:56.145 [info] Application lx_proto started at :nonode@nohost
14:42:56.145 [info] Application lx_protocol started at :nonode@nohost
14:42:56.155 [info] Child LXical.Document.Store of Supervisor LXical.Server.Supervisor started
Pid: #PID<0.1550.0>
Start Call: LXical.Document.Store.start_link([derive: [analysis: &LXical.Ast.analyze/1]])
Restart: :permanent
Shutdown: 5000
Type: :worker
14:42:56.158 [info] Child LXical.Server of Supervisor LXical.Server.Supervisor started
Pid: #PID<0.1551.0>
Start Call: LXical.Server.start_link([])
Restart: :permanent
Shutdown: 5000
Type: :worker
14:42:56.158 [info] Child LXical.Server.ProjectSupervisor of Supervisor LXical.Server.Supervisor started
Pid: #PID<0.1552.0>
Start Call: DynamicSupervisor.start_link([name: LXical.Server.ProjectSupervisor, strategy: :one_for_one])
Restart: :permanent
Shutdown: :infinity
Type: :supervisor
14:42:56.158 [info] Child LXical.Server.TaskQueue.State.TaskSupervisor of Supervisor LXical.Server.Supervisor started
Pid: #PID<0.1553.0>
Start Call: Task.Supervisor.start_link([name: LXical.Server.TaskQueue.State.TaskSupervisor])
Restart: :permanent
Shutdown: :infinity
Type: :supervisor
14:42:56.158 [info] Child LXical.Server.TaskQueue of Supervisor LXical.Server.Supervisor started
Pid: #PID<0.1554.0>
Start Call: LXical.Server.TaskQueue.start_link([])
Restart: :permanent
Shutdown: 5000
Type: :worker
14:42:56.158 [info] Child LXical.Server.Transport.StdIO of Supervisor LXical.Server.Supervisor started
Pid: #PID<0.1555.0>
Start Call: LXical.Server.Transport.StdIO.start_link(:standard_io, &LXical.Server.protocol_message/1)
Restart: :permanent
Shutdown: 5000
Type: :worker
14:42:56.158 [info] Application lx_server started at :nonode@nohost
14:42:56.170 [info] Starting project at uri 
14:43:04.455 [info] Lexical Initialized
14:43:04.458 [info] opened file:///home/u57182/.config/nvim/init.lua
14:43:05.797 [error] Shutting down
14:43:05.815 [warning] Received an Exit notification. Halting the server in 150ms
14:43:05.815 [debug] Child :timer_server of Supervisor :kernel_sup started
Pid: #PID<0.1556.0>
Start Call: :timer.start_link()
Restart: :permanent
Shutdown: 1000
Type: :worker
14:43:05.815 [error] stdio received :eof, server will stop.
14:43:05.815 [error] Child LXical.Server.Transport.StdIO of Supervisor LXical.Server.Supervisor terminated
** (exit) normal
Pid: #PID<0.1555.0>
Start Call: LXical.Server.Transport.StdIO.start_link(:standard_io, &LXical.Server.protocol_message/1)
Restart: :permanent
Shutdown: 5000
Type: :worker
14:43:05.815 [info] Child LXical.Server.Transport.StdIO of Supervisor LXical.Server.Supervisor started
Pid: #PID<0.1557.0>
Start Call: LXical.Server.Transport.StdIO.start_link(:standard_io, &LXical.Server.protocol_message/1)
Restart: :permanent
Shutdown: 5000
Type: :worker
14:43:11.062 [debug] Child {LoggerFileBackend, :general_log} of Supervisor Logger.Backends.Supervisor started
Pid: #PID<0.113.0>
Start Call: Logger.Backends.Watcher.start_link({{LoggerFileBackend, :general_log}, {LoggerFileBackend, :general_log}})
Restart: :transient
Shutdown: 5000
Type: :worker
14:43:11.062 [info] Child Logger.Backends.Supervisor of Supervisor Logger.Backends.Internal started
Pid: #PID<0.112.0>
Start Call: Logger.Backends.Supervisor.start_link([{LoggerFileBackend, :general_log}])
Restart: :permanent
Shutdown: :infinity
Type: :supervisor
14:43:11.062 [info] Child Logger.Backends.Internal of Supervisor Logger.Supervisor started
Pid: #PID<0.108.0>
Start Call: Logger.Backends.Internal.start_link([])
Restart: :permanent
Shutdown: :infinity
Type: :supervisor
14:43:11.062 [info] Application logger started at :nonode@nohost
14:43:11.525 [info] Child :ttb_autostart of Supervisor :runtime_tools_sup started
Pid: #PID<0.1542.0>
Start Call: :ttb_autostart.start_link()
Restart: :temporary
Shutdown: 3000
Type: :worker
14:43:11.525 [info] Application runtime_tools started at :nonode@nohost
14:43:11.525 [info] Application erts started at :nonode@nohost
14:43:11.525 [info] Application lx_lexical_shared started at :nonode@nohost
14:43:11.525 [info] Application lx_lexical_test started at :nonode@nohost
14:43:11.526 [info] Child LXSnowflake.Generator of Supervisor #PID<0.1545.0> (Supervisor.Default) started
Pid: #PID<0.1546.0>
Start Call: LXSnowflake.Generator.start_link(1704070800000, 1)
Restart: :permanent
Shutdown: 5000
Type: :worker
14:43:11.526 [info] Application lx_snowflake started at :nonode@nohost
14:43:11.526 [info] Application lx_sourceror started at :nonode@nohost
14:43:11.526 [info] Application lx_common started at :nonode@nohost
14:43:11.526 [info] Application lx_elixir_sense started at :nonode@nohost
14:43:11.526 [info] Application jason started at :nonode@nohost
14:43:11.527 [info] Application logger_file_backend started at :nonode@nohost
14:43:11.527 [info] Application lx_path_glob started at :nonode@nohost
14:43:11.527 [info] Application lx_proto started at :nonode@nohost
14:43:11.527 [info] Application lx_protocol started at :nonode@nohost
14:43:11.537 [info] Child LXical.Document.Store of Supervisor LXical.Server.Supervisor started
Pid: #PID<0.1550.0>
Start Call: LXical.Document.Store.start_link([derive: [analysis: &LXical.Ast.analyze/1]])
Restart: :permanent
Shutdown: 5000
Type: :worker
14:43:11.540 [info] Child LXical.Server of Supervisor LXical.Server.Supervisor started
Pid: #PID<0.1551.0>
Start Call: LXical.Server.start_link([])
Restart: :permanent
Shutdown: 5000
Type: :worker
14:43:11.540 [info] Child LXical.Server.ProjectSupervisor of Supervisor LXical.Server.Supervisor started
Pid: #PID<0.1552.0>
Start Call: DynamicSupervisor.start_link([name: LXical.Server.ProjectSupervisor, strategy: :one_for_one])
Restart: :permanent
Shutdown: :infinity
Type: :supervisor
14:43:11.540 [info] Child LXical.Server.TaskQueue.State.TaskSupervisor of Supervisor LXical.Server.Supervisor started
Pid: #PID<0.1553.0>
Start Call: Task.Supervisor.start_link([name: LXical.Server.TaskQueue.State.TaskSupervisor])
Restart: :permanent
Shutdown: :infinity
Type: :supervisor
14:43:11.540 [info] Child LXical.Server.TaskQueue of Supervisor LXical.Server.Supervisor started
Pid: #PID<0.1554.0>
Start Call: LXical.Server.TaskQueue.start_link([])
Restart: :permanent
Shutdown: 5000
Type: :worker
14:43:11.540 [info] Child LXical.Server.Transport.StdIO of Supervisor LXical.Server.Supervisor started
Pid: #PID<0.1555.0>
Start Call: LXical.Server.Transport.StdIO.start_link(:standard_io, &LXical.Server.protocol_message/1)
Restart: :permanent
Shutdown: 5000
Type: :worker
14:43:11.540 [info] Application lx_server started at :nonode@nohost
14:43:11.553 [info] Starting project at uri 
14:43:11.558 [info] Lexical Initialized
14:43:11.559 [info] opened file:///home/u57182/.config/nvim/lua/plugins/lsp.lua
14:43:42.134 [error] Shutting down
14:43:42.153 [warning] Received an Exit notification. Halting the server in 150ms
14:43:42.153 [debug] Child :timer_server of Supervisor :kernel_sup started
Pid: #PID<0.1556.0>
Start Call: :timer.start_link()
Restart: :permanent
Shutdown: 1000
Type: :worker
14:43:42.153 [error] stdio received :eof, server will stop.
14:43:42.153 [error] Child LXical.Server.Transport.StdIO of Supervisor LXical.Server.Supervisor terminated
** (exit) normal
Pid: #PID<0.1555.0>
Start Call: LXical.Server.Transport.StdIO.start_link(:standard_io, &LXical.Server.protocol_message/1)
Restart: :permanent
Shutdown: 5000
Type: :worker
14:43:42.153 [info] Child LXical.Server.Transport.StdIO of Supervisor LXical.Server.Supervisor started
Pid: #PID<0.1557.0>
Start Call: LXical.Server.Transport.StdIO.start_link(:standard_io, &LXical.Server.protocol_message/1)
Restart: :permanent
Shutdown: 5000
Type: :worker
14:43:53.326 [debug] Child {LoggerFileBackend, :general_log} of Supervisor Logger.Backends.Supervisor started
Pid: #PID<0.113.0>
Start Call: Logger.Backends.Watcher.start_link({{LoggerFileBackend, :general_log}, {LoggerFileBackend, :general_log}})
Restart: :transient
Shutdown: 5000
Type: :worker
14:43:53.326 [info] Child Logger.Backends.Supervisor of Supervisor Logger.Backends.Internal started
Pid: #PID<0.112.0>
Start Call: Logger.Backends.Supervisor.start_link([{LoggerFileBackend, :general_log}])
Restart: :permanent
Shutdown: :infinity
Type: :supervisor
14:43:53.326 [info] Child Logger.Backends.Internal of Supervisor Logger.Supervisor started
Pid: #PID<0.108.0>
Start Call: Logger.Backends.Internal.start_link([])
Restart: :permanent
Shutdown: :infinity
Type: :supervisor
14:43:53.326 [info] Application logger started at :nonode@nohost
14:43:53.820 [info] Child :ttb_autostart of Supervisor :runtime_tools_sup started
Pid: #PID<0.1542.0>
Start Call: :ttb_autostart.start_link()
Restart: :temporary
Shutdown: 3000
Type: :worker
14:43:53.820 [info] Application runtime_tools started at :nonode@nohost
14:43:53.821 [info] Application erts started at :nonode@nohost
14:43:53.821 [info] Application lx_lexical_shared started at :nonode@nohost
14:43:53.821 [info] Application lx_lexical_test started at :nonode@nohost
14:43:53.822 [info] Child LXSnowflake.Generator of Supervisor #PID<0.1545.0> (Supervisor.Default) started
Pid: #PID<0.1546.0>
Start Call: LXSnowflake.Generator.start_link(1704070800000, 1)
Restart: :permanent
Shutdown: 5000
Type: :worker
14:43:53.822 [info] Application lx_snowflake started at :nonode@nohost
14:43:53.822 [info] Application lx_sourceror started at :nonode@nohost
14:43:53.822 [info] Application lx_common started at :nonode@nohost
14:43:53.822 [info] Application lx_elixir_sense started at :nonode@nohost
14:43:53.822 [info] Application jason started at :nonode@nohost
14:43:53.822 [info] Application logger_file_backend started at :nonode@nohost
14:43:53.822 [info] Application lx_path_glob started at :nonode@nohost
14:43:53.822 [info] Application lx_proto started at :nonode@nohost
14:43:53.822 [info] Application lx_protocol started at :nonode@nohost
14:43:53.833 [info] Child LXical.Document.Store of Supervisor LXical.Server.Supervisor started
Pid: #PID<0.1550.0>
Start Call: LXical.Document.Store.start_link([derive: [analysis: &LXical.Ast.analyze/1]])
Restart: :permanent
Shutdown: 5000
Type: :worker
14:43:53.835 [info] Child LXical.Server of Supervisor LXical.Server.Supervisor started
Pid: #PID<0.1551.0>
Start Call: LXical.Server.start_link([])
Restart: :permanent
Shutdown: 5000
Type: :worker
14:43:53.835 [info] Child LXical.Server.ProjectSupervisor of Supervisor LXical.Server.Supervisor started
Pid: #PID<0.1552.0>
Start Call: DynamicSupervisor.start_link([name: LXical.Server.ProjectSupervisor, strategy: :one_for_one])
Restart: :permanent
Shutdown: :infinity
Type: :supervisor
14:43:53.835 [info] Child LXical.Server.TaskQueue.State.TaskSupervisor of Supervisor LXical.Server.Supervisor started
Pid: #PID<0.1553.0>
Start Call: Task.Supervisor.start_link([name: LXical.Server.TaskQueue.State.TaskSupervisor])
Restart: :permanent
Shutdown: :infinity
Type: :supervisor
14:43:53.835 [info] Child LXical.Server.TaskQueue of Supervisor LXical.Server.Supervisor started
Pid: #PID<0.1554.0>
Start Call: LXical.Server.TaskQueue.start_link([])
Restart: :permanent
Shutdown: 5000
Type: :worker
14:43:53.835 [info] Child LXical.Server.Transport.StdIO of Supervisor LXical.Server.Supervisor started
Pid: #PID<0.1555.0>
Start Call: LXical.Server.Transport.StdIO.start_link(:standard_io, &LXical.Server.protocol_message/1)
Restart: :permanent
Shutdown: 5000
Type: :worker
14:43:53.835 [info] Application lx_server started at :nonode@nohost
14:43:53.850 [info] Starting project at uri 
14:43:53.857 [info] Lexical Initialized
14:43:53.860 [info] opened file:///home/u57182/.config/nvim/lua/plugins/lsp.lua
14:44:02.930 [error] GenServer LXical.Server terminating
** (FunctionClauseError) no function clause matching in IO.chardata_to_string/1
    (elixir 1.18.4) lib/io.ex:710: IO.chardata_to_string(nil)
    (elixir 1.18.4) lib/path.ex:507: Path.basename/1
    (lx_lexical_shared 0.5.0) lib/lexical/project.ex:60: LXical.Project.name/1
    (lx_lexical_shared 0.5.0) lib/lexical/project.ex:80: LXical.Project.node_name/1
    (lx_remote_control 0.7.2) lib/lexical/remote_control.ex:115: LXical.RemoteControl.call/4
    (lx_server 0.7.2) lib/lexical/server/state.ex:164: LXical.Server.State.apply/2
    (lx_server 0.7.2) lib/lexical/server.ex:154: LXical.Server.apply_to_state/2
    (lx_server 0.7.2) lib/lexical/server.ex:117: LXical.Server.handle_message/2
Last message: {:"$gen_cast", {:protocol_message, %{__struct__: LXical.Protocol.Notifications.DidChange, document: nil, lsp: %{__struct__: LXical.Protocol.Notifications.DidChange.LSP, text_document: #Protocol.Types.TextDocument.Versioned.Identifier<[version: 4, uri: "file:///home/u57182/.config/nvim/lua/plugins/lsp.lua"]>, method: "textDocument/didChange", jsonrpc: "2.0", content_changes: [#Protocol.Types.TextDocument.ContentChangeEvent.TextDocumentContentChangeEvent<[text: "", range: #Protocol.Types.Range<[start: #Protocol.Types.Position<[line: 0, character: 0]>, end: #Protocol.Types.Position<[line: 103, character: 0]>]>, range_length: 2525]>]}, text_document: nil, method: "textDocument/didChange", jsonrpc: "2.0", content_changes: nil}}}
State: %{__struct__: LXical.Server.State, configuration: %{__struct__: LXical.Server.Configuration, project: %{__struct__: LXical.Project, entropy: 56272, project_module: nil, mix_exs_uri: nil, mix_project?: false, root_uri: nil, env_variables: %{}, mix_env: nil, mix_target: nil}, support: %{deprecated: true, __struct__: LXical.Server.Configuration.Support, snippet: true, work_done_progress: true, tags: #Protocol.Types.Completion.ClientCapabilities.TagSupport<[value_set: [:deprecated]]>, signature_help: #Protocol.Types.SignatureHelp.ClientCapabilities<[dynamic_registration: false, signature_information: #Protocol.Types.SignatureHelp.ClientCapabilities.SignatureInformation<[documentation_format: [:markdown, :plain_text], active_parameter_support: true, parameter_information: #Protocol.Types.SignatureHelp.ClientCapabilities.ParameterInformation<[label_offset_support: true]>]>]>, code_action_dynamic_registration: true, hierarchical_symbols: true}, client_name: "Neovim", dialyzer_enabled?: false, additional_watched_extensions: nil}, in_flight_requests: %{}, initialized?: true, shutdown_received?: false}
14:44:02.943 [error] Process LXical.Server (#PID<0.1551.0>) terminating
** (FunctionClauseError) no function clause matching in IO.chardata_to_string/1
    (elixir 1.18.4) lib/io.ex:710: IO.chardata_to_string(nil)
    (elixir 1.18.4) lib/path.ex:507: Path.basename/1
    (lx_lexical_shared 0.5.0) lib/lexical/project.ex:60: LXical.Project.name/1
    (lx_lexical_shared 0.5.0) lib/lexical/project.ex:80: LXical.Project.node_name/1
    (lx_remote_control 0.7.2) lib/lexical/remote_control.ex:115: LXical.RemoteControl.call/4
    (lx_server 0.7.2) lib/lexical/server/state.ex:164: LXical.Server.State.apply/2
    (lx_server 0.7.2) lib/lexical/server.ex:154: LXical.Server.apply_to_state/2
    (lx_server 0.7.2) lib/lexical/server.ex:117: LXical.Server.handle_message/2
Initial Call: LXical.Server.init/1
Ancestors: [LXical.Server.Supervisor, #PID<0.1548.0>]
Message Queue Length: 0
Messages: []
Links: [#PID<0.1549.0>]
Dictionary: [rand_seed: {%{type: :exsss, next: #Function<0.40079776/1 in :rand.exsss_next>, bits: 58, uniform: #Function<1.40079776/1 in :rand.exsss_uniform>, uniform_n: #Function<2.40079776/2 in :rand.exsss_uniform>, jump: #Function<3.40079776/1 in :rand.exsplus_jump>}, [241038013491027022 | 278976257920823801]}]
Trapping Exits: false
Status: :running
Heap Size: 6772
Stack Size: 29
Reductions: 25046
14:44:02.944 [error] Child LXical.Server of Supervisor LXical.Server.Supervisor terminated
** (exit) an exception was raised:
    ** (FunctionClauseError) no function clause matching in IO.chardata_to_string/1
        (elixir 1.18.4) lib/io.ex:710: IO.chardata_to_string(nil)
        (elixir 1.18.4) lib/path.ex:507: Path.basename/1
        (lx_lexical_shared 0.5.0) lib/lexical/project.ex:60: LXical.Project.name/1
        (lx_lexical_shared 0.5.0) lib/lexical/project.ex:80: LXical.Project.node_name/1
        (lx_remote_control 0.7.2) lib/lexical/remote_control.ex:115: LXical.RemoteControl.call/4
        (lx_server 0.7.2) lib/lexical/server/state.ex:164: LXical.Server.State.apply/2
        (lx_server 0.7.2) lib/lexical/server.ex:154: LXical.Server.apply_to_state/2
        (lx_server 0.7.2) lib/lexical/server.ex:117: LXical.Server.handle_message/2
Pid: #PID<0.1551.0>
Start Call: LXical.Server.start_link([])
Restart: :permanent
Shutdown: 5000
Type: :worker
14:44:02.944 [info] Child LXical.Server of Supervisor LXical.Server.Supervisor started
Pid: #PID<0.1556.0>
Start Call: LXical.Server.start_link([])
Restart: :permanent
Shutdown: 5000
Type: :worker
14:44:03.457 [error] Received textDocument/didChange before server was initialized
14:44:03.458 [error] Failed to handle Elixir.LXical.Protocol.Notifications.DidChange, {{:error, :not_initialized}, %{__struct__: LXical.Server.State, configuration: nil, in_flight_requests: %{}, initialized?: false, shutdown_received?: false}}
14:44:03.458 [error] Could not handle message LXical.Protocol.Notifications.DidChange :ok
14:44:04.740 [error] Received textDocument/didSave before server was initialized
14:44:04.741 [error] Failed to handle Elixir.LXical.Protocol.Notifications.DidSave, {{:error, :not_initialized}, %{__struct__: LXical.Server.State, configuration: nil, in_flight_requests: %{}, initialized?: false, shutdown_received?: false}}
14:44:04.741 [error] Could not handle message LXical.Protocol.Notifications.DidSave :ok
14:44:04.741 [error] Received shutdown before server was initialized
14:44:04.742 [error] Failed to handle Elixir.LXical.Protocol.Requests.Shutdown, {{:error, :not_initialized}, %{__struct__: LXical.Server.State, configuration: nil, in_flight_requests: %{}, initialized?: false, shutdown_received?: false}}
14:44:04.742 [error] Could not handle message LXical.Protocol.Requests.Shutdown :ok
14:44:04.752 [error] stdio received :eof, server will stop.
14:44:04.752 [error] Child LXical.Server.Transport.StdIO of Supervisor LXical.Server.Supervisor terminated
** (exit) normal
Pid: #PID<0.1555.0>
Start Call: LXical.Server.Transport.StdIO.start_link(:standard_io, &LXical.Server.protocol_message/1)
Restart: :permanent
Shutdown: 5000
Type: :worker
14:44:04.752 [info] Child LXical.Server.Transport.StdIO of Supervisor LXical.Server.Supervisor started
Pid: #PID<0.1557.0>
Start Call: LXical.Server.Transport.StdIO.start_link(:standard_io, &LXical.Server.protocol_message/1)
Restart: :permanent
Shutdown: 5000
Type: :worker
